INFO: [VRFC 10-2263] Analyzing Verilog file "D:/vivado projects/systolic_multiplication/systolic_multiplication.srcs/sources_1/new/systolic_carrysave_multiplier.v" into library xil_defaultlib
INFO: [VRFC 10-311] analyzing module systolic_carrysave_multiplier
ERROR: [VRFC 10-4982] syntax error near '@' [D:/vivado projects/systolic_multiplication/systolic_multiplication.srcs/sources_1/new/systolic_carrysave_multiplier.v:16]
ERROR: [VRFC 10-4982] syntax error near '<=' [D:/vivado projects/systolic_multiplication/systolic_multiplication.srcs/sources_1/new/systolic_carrysave_multiplier.v:23]
ERROR: [VRFC 10-4982] syntax error near '<=' [D:/vivado projects/systolic_multiplication/systolic_multiplication.srcs/sources_1/new/systolic_carrysave_multiplier.v:24]
ERROR: [VRFC 10-4982] syntax error near '<=' [D:/vivado projects/systolic_multiplication/systolic_multiplication.srcs/sources_1/new/systolic_carrysave_multiplier.v:31]
ERROR: [VRFC 10-2939] 'logic' is an unknown type [D:/vivado projects/systolic_multiplication/systolic_multiplication.srcs/sources_1/new/systolic_carrysave_multiplier.v:2]
ERROR: [VRFC 10-2989] 'logic' is not declared [D:/vivado projects/systolic_multiplication/systolic_multiplication.srcs/sources_1/new/systolic_carrysave_multiplier.v:2]
ERROR: [VRFC 10-2939] 'logic' is an unknown type [D:/vivado projects/systolic_multiplication/systolic_multiplication.srcs/sources_1/new/systolic_carrysave_multiplier.v:3]
ERROR: [VRFC 10-2989] 'logic' is not declared [D:/vivado projects/systolic_multiplication/systolic_multiplication.srcs/sources_1/new/systolic_carrysave_multiplier.v:3]
ERROR: [VRFC 10-2939] 'logic' is an unknown type [D:/vivado projects/systolic_multiplication/systolic_multiplication.srcs/sources_1/new/systolic_carrysave_multiplier.v:4]
ERROR: [VRFC 10-2989] 'logic' is not declared [D:/vivado projects/systolic_multiplication/systolic_multiplication.srcs/sources_1/new/systolic_carrysave_multiplier.v:4]
ERROR: [VRFC 10-2939] 'logic' is an unknown type [D:/vivado projects/systolic_multiplication/systolic_multiplication.srcs/sources_1/new/systolic_carrysave_multiplier.v:5]
ERROR: [VRFC 10-2989] 'logic' is not declared [D:/vivado projects/systolic_multiplication/systolic_multiplication.srcs/sources_1/new/systolic_carrysave_multiplier.v:5]
ERROR: [VRFC 10-2939] 'logic' is an unknown type [D:/vivado projects/systolic_multiplication/systolic_multiplication.srcs/sources_1/new/systolic_carrysave_multiplier.v:6]
ERROR: [VRFC 10-2989] 'logic' is not declared [D:/vivado projects/systolic_multiplication/systolic_multiplication.srcs/sources_1/new/systolic_carrysave_multiplier.v:6]
ERROR: [VRFC 10-2939] 'logic' is an unknown type [D:/vivado projects/systolic_multiplication/systolic_multiplication.srcs/sources_1/new/systolic_carrysave_multiplier.v:9]
ERROR: [VRFC 10-2939] 'logic' is an unknown type [D:/vivado projects/systolic_multiplication/systolic_multiplication.srcs/sources_1/new/systolic_carrysave_multiplier.v:12]
ERROR: [VRFC 10-2939] 'logic' is an unknown type [D:/vivado projects/systolic_multiplication/systolic_multiplication.srcs/sources_1/new/systolic_carrysave_multiplier.v:13]
ERROR: [VRFC 10-2939] 'always_ff' is an unknown type [D:/vivado projects/systolic_multiplication/systolic_multiplication.srcs/sources_1/new/systolic_carrysave_multiplier.v:16]
ERROR: [VRFC 10-2969] 'partial_carry' is not a type [D:/vivado projects/systolic_multiplication/systolic_multiplication.srcs/sources_1/new/systolic_carrysave_multiplier.v:19]
INFO: [#UNDEF] Sorry, too many errors..
